<?xml version="1.0" encoding="UTF-8"?>
<coverage generated="1781609508906" clover="3.2.0">
  <project timestamp="1781609508906" name="All files">
    <metrics statements="2280" coveredstatements="1464" conditionals="296" coveredconditionals="211" methods="120" coveredmethods="41" elements="2696" coveredelements="1716" complexity="0" loc="2280" ncloc="2280" packages="7" files="26" classes="26"/>
    <package name="frontend">
      <metrics statements="99" coveredstatements="0" conditionals="2" coveredconditionals="0" methods="2" coveredmethods="0"/>
      <file name="postcss.config.js" path="D:\AI Demo\KnowBase\frontend\postcss.config.js">
        <metrics statements="6" coveredstatements="0" conditionals="1" coveredconditionals="0" methods="1" coveredmethods="0"/>
        <line num="1" count="0" type="cond" truecount="0" falsecount="1"/>
        <line num="2" count="0" type="stmt"/>
        <line num="3" count="0" type="stmt"/>
        <line num="4" count="0" type="stmt"/>
        <line num="5" count="0" type="stmt"/>
        <line num="6" count="0" type="stmt"/>
      </file>
      <file name="tailwind.config.ts" path="D:\AI Demo\KnowBase\frontend\tailwind.config.ts">
        <metrics statements="93" coveredstatements="0" conditionals="1" coveredconditionals="0" methods="1" coveredmethods="0"/>
        <line num="1" count="0" type="cond" truecount="0" falsecount="1"/>
        <line num="2" count="0" type="stmt"/>
        <line num="3" count="0" type="stmt"/>
        <line num="4" count="0" type="stmt"/>
        <line num="5" count="0" type="stmt"/>
        <line num="6" count="0" type="stmt"/>
        <line num="7" count="0" type="stmt"/>
        <line num="8" count="0" type="stmt"/>
        <line num="9" count="0" type="stmt"/>
        <line num="10" count="0" type="stmt"/>
        <line num="11" count="0" type="stmt"/>
        <line num="12" count="0" type="stmt"/>
        <line num="13" count="0" type="stmt"/>
        <line num="14" count="0" type="stmt"/>
        <line num="15" count="0" type="stmt"/>
        <line num="16" count="0" type="stmt"/>
        <line num="17" count="0" type="stmt"/>
        <line num="18" count="0" type="stmt"/>
        <line num="19" count="0" type="stmt"/>
        <line num="20" count="0" type="stmt"/>
        <line num="21" count="0" type="stmt"/>
        <line num="22" count="0" type="stmt"/>
        <line num="23" count="0" type="stmt"/>
        <line num="24" count="0" type="stmt"/>
        <line num="25" count="0" type="stmt"/>
        <line num="26" count="0" type="stmt"/>
        <line num="27" count="0" type="stmt"/>
        <line num="28" count="0" type="stmt"/>
        <line num="29" count="0" type="stmt"/>
        <line num="30" count="0" type="stmt"/>
        <line num="31" count="0" type="stmt"/>
        <line num="32" count="0" type="stmt"/>
        <line num="33" count="0" type="stmt"/>
        <line num="34" count="0" type="stmt"/>
        <line num="35" count="0" type="stmt"/>
        <line num="36" count="0" type="stmt"/>
        <line num="37" count="0" type="stmt"/>
        <line num="38" count="0" type="stmt"/>
        <line num="39" count="0" type="stmt"/>
        <line num="40" count="0" type="stmt"/>
        <line num="41" count="0" type="stmt"/>
        <line num="42" count="0" type="stmt"/>
        <line num="43" count="0" type="stmt"/>
        <line num="44" count="0" type="stmt"/>
        <line num="45" count="0" type="stmt"/>
        <line num="46" count="0" type="stmt"/>
        <line num="47" count="0" type="stmt"/>
        <line num="48" count="0" type="stmt"/>
        <line num="49" count="0" type="stmt"/>
        <line num="50" count="0" type="stmt"/>
        <line num="51" count="0" type="stmt"/>
        <line num="52" count="0" type="stmt"/>
        <line num="53" count="0" type="stmt"/>
        <line num="54" count="0" type="stmt"/>
        <line num="55" count="0" type="stmt"/>
        <line num="56" count="0" type="stmt"/>
        <line num="57" count="0" type="stmt"/>
        <line num="58" count="0" type="stmt"/>
        <line num="59" count="0" type="stmt"/>
        <line num="60" count="0" type="stmt"/>
        <line num="61" count="0" type="stmt"/>
        <line num="62" count="0" type="stmt"/>
        <line num="63" count="0" type="stmt"/>
        <line num="64" count="0" type="stmt"/>
        <line num="65" count="0" type="stmt"/>
        <line num="66" count="0" type="stmt"/>
        <line num="67" count="0" type="stmt"/>
        <line num="68" count="0" type="stmt"/>
        <line num="69" count="0" type="stmt"/>
        <line num="70" count="0" type="stmt"/>
        <line num="71" count="0" type="stmt"/>
        <line num="72" count="0" type="stmt"/>
        <line num="73" count="0" type="stmt"/>
        <line num="74" count="0" type="stmt"/>
        <line num="75" count="0" type="stmt"/>
        <line num="76" count="0" type="stmt"/>
        <line num="77" count="0" type="stmt"/>
        <line num="78" count="0" type="stmt"/>
        <line num="79" count="0" type="stmt"/>
        <line num="80" count="0" type="stmt"/>
        <line num="81" count="0" type="stmt"/>
        <line num="82" count="0" type="stmt"/>
        <line num="83" count="0" type="stmt"/>
        <line num="84" count="0" type="stmt"/>
        <line num="85" count="0" type="stmt"/>
        <line num="86" count="0" type="stmt"/>
        <line num="87" count="0" type="stmt"/>
        <line num="88" count="0" type="stmt"/>
        <line num="89" count="0" type="stmt"/>
        <line num="90" count="0" type="stmt"/>
        <line num="91" count="0" type="stmt"/>
        <line num="92" count="0" type="stmt"/>
        <line num="93" count="0" type="stmt"/>
      </file>
    </package>
    <package name="frontend.src">
      <metrics statements="91" coveredstatements="0" conditionals="2" coveredconditionals="0" methods="2" coveredmethods="0"/>
      <file name="App.tsx" path="D:\AI Demo\KnowBase\frontend\src\App.tsx">
        <metrics statements="81" coveredstatements="0" conditionals="1" coveredconditionals="0" methods="1" coveredmethods="0"/>
        <line num="1" count="0" type="cond" truecount="0" falsecount="1"/>
        <line num="2" count="0" type="stmt"/>
        <line num="3" count="0" type="stmt"/>
        <line num="4" count="0" type="stmt"/>
        <line num="5" count="0" type="stmt"/>
        <line num="6" count="0" type="stmt"/>
        <line num="7" count="0" type="stmt"/>
        <line num="8" count="0" type="stmt"/>
        <line num="9" count="0" type="stmt"/>
        <line num="10" count="0" type="stmt"/>
        <line num="11" count="0" type="stmt"/>
        <line num="12" count="0" type="stmt"/>
        <line num="13" count="0" type="stmt"/>
        <line num="14" count="0" type="stmt"/>
        <line num="15" count="0" type="stmt"/>
        <line num="16" count="0" type="stmt"/>
        <line num="17" count="0" type="stmt"/>
        <line num="18" count="0" type="stmt"/>
        <line num="19" count="0" type="stmt"/>
        <line num="20" count="0" type="stmt"/>
        <line num="21" count="0" type="stmt"/>
        <line num="22" count="0" type="stmt"/>
        <line num="23" count="0" type="stmt"/>
        <line num="24" count="0" type="stmt"/>
        <line num="25" count="0" type="stmt"/>
        <line num="26" count="0" type="stmt"/>
        <line num="27" count="0" type="stmt"/>
        <line num="28" count="0" type="stmt"/>
        <line num="29" count="0" type="stmt"/>
        <line num="30" count="0" type="stmt"/>
        <line num="31" count="0" type="stmt"/>
        <line num="32" count="0" type="stmt"/>
        <line num="33" count="0" type="stmt"/>
        <line num="34" count="0" type="stmt"/>
        <line num="35" count="0" type="stmt"/>
        <line num="36" count="0" type="stmt"/>
        <line num="37" count="0" type="stmt"/>
        <line num="38" count="0" type="stmt"/>
        <line num="39" count="0" type="stmt"/>
        <line num="40" count="0" type="stmt"/>
        <line num="41" count="0" type="stmt"/>
        <line num="42" count="0" type="stmt"/>
        <line num="43" count="0" type="stmt"/>
        <line num="44" count="0" type="stmt"/>
        <line num="45" count="0" type="stmt"/>
        <line num="46" count="0" type="stmt"/>
        <line num="47" count="0" type="stmt"/>
        <line num="48" count="0" type="stmt"/>
        <line num="49" count="0" type="stmt"/>
        <line num="50" count="0" type="stmt"/>
        <line num="51" count="0" type="stmt"/>
        <line num="52" count="0" type="stmt"/>
        <line num="53" count="0" type="stmt"/>
        <line num="54" count="0" type="stmt"/>
        <line num="55" count="0" type="stmt"/>
        <line num="56" count="0" type="stmt"/>
        <line num="57" count="0" type="stmt"/>
        <line num="58" count="0" type="stmt"/>
        <line num="59" count="0" type="stmt"/>
        <line num="60" count="0" type="stmt"/>
        <line num="61" count="0" type="stmt"/>
        <line num="62" count="0" type="stmt"/>
        <line num="63" count="0" type="stmt"/>
        <line num="64" count="0" type="stmt"/>
        <line num="65" count="0" type="stmt"/>
        <line num="66" count="0" type="stmt"/>
        <line num="67" count="0" type="stmt"/>
        <line num="68" count="0" type="stmt"/>
        <line num="69" count="0" type="stmt"/>
        <line num="70" count="0" type="stmt"/>
        <line num="71" count="0" type="stmt"/>
        <line num="72" count="0" type="stmt"/>
        <line num="73" count="0" type="stmt"/>
        <line num="74" count="0" type="stmt"/>
        <line num="75" count="0" type="stmt"/>
        <line num="76" count="0" type="stmt"/>
        <line num="77" count="0" type="stmt"/>
        <line num="78" count="0" type="stmt"/>
        <line num="79" count="0" type="stmt"/>
        <line num="80" count="0" type="stmt"/>
        <line num="81" count="0" type="stmt"/>
      </file>
      <file name="main.tsx" path="D:\AI Demo\KnowBase\frontend\src\main.tsx">
        <metrics statements="10" coveredstatements="0" conditionals="1" coveredconditionals="0" methods="1" coveredmethods="0"/>
        <line num="1" count="0" type="cond" truecount="0" falsecount="1"/>
        <line num="2" count="0" type="stmt"/>
        <line num="3" count="0" type="stmt"/>
        <line num="4" count="0" type="stmt"/>
        <line num="5" count="0" type="stmt"/>
        <line num="6" count="0" type="stmt"/>
        <line num="7" count="0" type="stmt"/>
        <line num="8" count="0" type="stmt"/>
        <line num="9" count="0" type="stmt"/>
        <line num="10" count="0" type="stmt"/>
      </file>
    </package>
    <package name="frontend.src.components">
      <metrics statements="1404" coveredstatements="906" conditionals="182" coveredconditionals="115" methods="68" coveredmethods="17"/>
      <file name="BrowserPage.tsx" path="D:\AI Demo\KnowBase\frontend\src\components\BrowserPage.tsx">
        <metrics statements="403" coveredstatements="247" conditionals="47" coveredconditionals="20" methods="26" coveredmethods="5"/>
        <line num="1" count="1" type="stmt"/>
        <line num="2" count="1" type="stmt"/>
        <line num="3" count="1" type="stmt"/>
        <line num="4" count="1" type="stmt"/>
        <line num="5" count="1" type="stmt"/>
        <line num="7" count="1" type="stmt"/>
        <line num="9" count="1" type="stmt"/>
        <line num="18" count="14" type="cond" truecount="1" falsecount="0"/>
        <line num="19" count="14" type="stmt"/>
        <line num="20" count="14" type="stmt"/>
        <line num="21" count="14" type="stmt"/>
        <line num="22" count="14" type="stmt"/>
        <line num="23" count="14" type="stmt"/>
        <line num="24" count="14" type="stmt"/>
        <line num="25" count="14" type="stmt"/>
        <line num="26" count="14" type="stmt"/>
        <line num="27" count="14" type="stmt"/>
        <line num="28" count="14" type="stmt"/>
        <line num="29" count="14" type="stmt"/>
        <line num="30" count="14" type="stmt"/>
        <line num="31" count="14" type="stmt"/>
        <line num="32" count="14" type="stmt"/>
        <line num="33" count="14" type="stmt"/>
        <line num="34" count="14" type="stmt"/>
        <line num="35" count="14" type="stmt"/>
        <line num="37" count="14" type="cond" truecount="1" falsecount="0"/>
        <line num="38" count="14" type="stmt"/>
        <line num="39" count="14" type="stmt"/>
        <line num="40" count="14" type="stmt"/>
        <line num="41" count="14" type="stmt"/>
        <line num="42" count="14" type="stmt"/>
        <line num="44" count="14" type="cond" truecount="1" falsecount="0"/>
        <line num="45" count="7" type="stmt"/>
        <line num="46" count="7" type="stmt"/>
        <line num="47" count="7" type="cond" truecount="1" falsecount="0"/>
        <line num="48" count="7" type="stmt"/>
        <line num="49" count="7" type="cond" truecount="1" falsecount="0"/>
        <line num="50" count="14" type="stmt"/>
        <line num="52" count="14" type="cond" truecount="1" falsecount="0"/>
        <line num="53" count="7" type="stmt"/>
        <line num="54" count="7" type="stmt"/>
        <line num="55" count="7" type="stmt"/>
        <line num="56" count="7" type="stmt"/>
        <line num="57" count="7" type="stmt"/>
        <line num="58" count="7" type="stmt"/>
        <line num="59" count="7" type="stmt"/>
        <line num="60" count="7" type="cond" truecount="0" falsecount="1"/>
        <line num="61" count="7" type="stmt"/>
        <line num="62" count="7" type="stmt"/>
        <line num="64" count="14" type="stmt"/>
        <line num="65" count="0" type="stmt"/>
        <line num="66" count="0" type="stmt"/>
        <line num="67" count="0" type="stmt"/>
        <line num="68" count="0" type="stmt"/>
        <line num="69" count="0" type="stmt"/>
        <line num="70" count="0" type="stmt"/>
        <line num="71" count="0" type="stmt"/>
        <line num="73" count="14" type="stmt"/>
        <line num="74" count="0" type="stmt"/>
        <line num="75" count="0" type="stmt"/>
        <line num="76" count="0" type="stmt"/>
        <line num="77" count="0" type="stmt"/>
        <line num="78" count="0" type="stmt"/>
        <line num="79" count="0" type="stmt"/>
        <line num="80" count="0" type="stmt"/>
        <line num="81" count="0" type="stmt"/>
        <line num="82" count="0" type="stmt"/>
        <line num="83" count="0" type="stmt"/>
        <line num="84" count="0" type="stmt"/>
        <line num="87" count="14" type="cond" truecount="0" falsecount="1"/>
        <line num="88" count="0" type="stmt"/>
        <line num="89" count="14" type="stmt"/>
        <line num="92" count="14" type="stmt"/>
        <line num="93" count="0" type="stmt"/>
        <line num="94" count="0" type="stmt"/>
        <line num="95" count="0" type="stmt"/>
        <line num="96" count="0" type="stmt"/>
        <line num="97" count="0" type="stmt"/>
        <line num="98" count="0" type="stmt"/>
        <line num="100" count="14" type="cond" truecount="1" falsecount="0"/>
        <line num="102" count="14" type="stmt"/>
        <line num="103" count="0" type="stmt"/>
        <line num="104" count="0" type="stmt"/>
        <line num="105" count="0" type="stmt"/>
        <line num="106" count="0" type="stmt"/>
        <line num="107" count="0" type="stmt"/>
        <line num="109" count="14" type="cond" truecount="1" falsecount="0"/>
        <line num="111" count="14" type="stmt"/>
        <line num="112" count="0" type="stmt"/>
        <line num="113" count="0" type="stmt"/>
        <line num="115" count="14" type="stmt"/>
        <line num="116" count="0" type="stmt"/>
        <line num="117" count="0" type="stmt"/>
        <line num="118" count="0" type="stmt"/>
        <line num="119" count="0" type="stmt"/>
        <line num="120" count="0" type="stmt"/>
        <line num="121" count="0" type="stmt"/>
        <line num="122" count="0" type="stmt"/>
        <line num="123" count="0" type="stmt"/>
        <line num="124" count="0" type="stmt"/>
        <line num="126" count="14" type="stmt"/>
        <line num="127" count="0" type="stmt"/>
        <line num="128" count="0" type="stmt"/>
        <line num="129" count="0" type="stmt"/>
        <line num="130" count="0" type="stmt"/>
        <line num="131" count="0" type="stmt"/>
        <line num="132" count="0" type="stmt"/>
        <line num="133" count="0" type="stmt"/>
        <line num="134" count="0" type="stmt"/>
        <line num="135" count="0" type="stmt"/>
        <line num="136" count="0" type="stmt"/>
        <line num="138" count="14" type="stmt"/>
        <line num="139" count="0" type="stmt"/>
        <line num="140" count="0" type="stmt"/>
        <line num="141" count="0" type="stmt"/>
        <line num="142" count="0" type="stmt"/>
        <line num="143" count="0" type="stmt"/>
        <line num="144" count="0" type="stmt"/>
        <line num="146" count="14" type="cond" truecount="1" falsecount="0"/>
        <line num="148" count="14" type="stmt"/>
        <line num="149" count="14" type="stmt"/>
        <line num="151" count="14" type="stmt"/>
        <line num="152" count="14" type="stmt"/>
        <line num="153" count="14" type="stmt"/>
        <line num="154" count="14" type="stmt"/>
        <line num="155" count="14" type="stmt"/>
        <line num="156" count="14" type="stmt"/>
        <line num="158" count="14" type="cond" truecount="1" falsecount="0"/>
        <line num="159" count="14" type="stmt"/>
        <line num="160" count="14" type="stmt"/>
        <line num="161" count="14" type="stmt"/>
        <line num="162" count="14" type="stmt"/>
        <line num="163" count="14" type="stmt"/>
        <line num="164" count="14" type="stmt"/>
        <line num="165" count="14" type="stmt"/>
        <line num="167" count="14" type="stmt"/>
        <line num="168" count="14" type="cond" truecount="1" falsecount="0"/>
        <line num="169" count="7" type="stmt"/>
        <line num="170" count="7" type="stmt"/>
        <line num="171" count="7" type="stmt"/>
        <line num="172" count="7" type="stmt"/>
        <line num="173" count="7" type="stmt"/>
        <line num="175" count="14" type="stmt"/>
        <line num="176" count="14" type="stmt"/>
        <line num="177" count="14" type="stmt"/>
        <line num="178" count="14" type="stmt"/>
        <line num="179" count="14" type="stmt"/>
        <line num="180" count="14" type="cond" truecount="0" falsecount="1"/>
        <line num="181" count="14" type="stmt"/>
        <line num="182" count="14" type="stmt"/>
        <line num="183" count="14" type="cond" truecount="0" falsecount="1"/>
        <line num="184" count="14" type="stmt"/>
        <line num="185" count="14" type="stmt"/>
        <line num="186" count="14" type="stmt"/>
        <line num="187" count="14" type="stmt"/>
        <line num="190" count="14" type="stmt"/>
        <line num="191" count="14" type="stmt"/>
        <line num="192" count="14" type="stmt"/>
        <line num="193" count="14" type="stmt"/>
        <line num="194" count="14" type="stmt"/>
        <line num="195" count="14" type="stmt"/>
        <line num="196" count="14" type="stmt"/>
        <line num="197" count="14" type="stmt"/>
        <line num="198" count="14" type="stmt"/>
        <line num="199" count="14" type="stmt"/>
        <line num="200" count="14" type="stmt"/>
        <line num="201" count="14" type="stmt"/>
        <line num="202" count="14" type="stmt"/>
        <line num="203" count="14" type="stmt"/>
        <line num="204" count="14" type="stmt"/>
        <line num="205" count="14" type="stmt"/>
        <line num="206" count="14" type="stmt"/>
        <line num="207" count="14" type="stmt"/>
        <line num="208" count="14" type="stmt"/>
        <line num="209" count="14" type="stmt"/>
        <line num="210" count="14" type="stmt"/>
        <line num="211" count="14" type="stmt"/>
        <line num="212" count="14" type="stmt"/>
        <line num="215" count="14" type="stmt"/>
        <line num="216" count="14" type="stmt"/>
        <line num="217" count="14" type="stmt"/>
        <line num="218" count="14" type="stmt"/>
        <line num="219" count="14" type="stmt"/>
        <line num="220" count="14" type="stmt"/>
        <line num="221" count="14" type="stmt"/>
        <line num="222" count="14" type="stmt"/>
        <line num="223" count="14" type="stmt"/>
        <line num="224" count="14" type="stmt"/>
        <line num="225" count="14" type="stmt"/>
        <line num="226" count="14" type="stmt"/>
        <line num="227" count="14" type="stmt"/>
        <line num="228" count="14" type="stmt"/>
        <line num="229" count="14" type="cond" truecount="0" falsecount="1"/>
        <line num="230" count="14" type="stmt"/>
        <line num="232" count="14" type="stmt"/>
        <line num="233" count="14" type="cond" truecount="1" falsecount="0"/>
        <line num="234" count="14" type="stmt"/>
        <line num="235" count="14" type="stmt"/>
        <line num="236" count="14" type="cond" truecount="0" falsecount="1"/>
        <line num="237" count="14" type="stmt"/>
        <line num="238" count="14" type="stmt"/>
        <line num="239" count="14" type="stmt"/>
        <line num="240" count="14" type="stmt"/>
        <line num="241" count="14" type="cond" truecount="0" falsecount="1"/>
        <line num="242" count="0" type="stmt"/>
        <line num="244" count="14" type="stmt"/>
        <line num="245" count="14" type="stmt"/>
        <line num="248" count="14" type="cond" truecount="0" falsecount="1"/>
        <line num="249" count="0" type="stmt"/>
        <line num="250" count="0" type="stmt"/>
        <line num="251" count="0" type="stmt"/>
        <line num="252" count="0" type="stmt"/>
        <line num="253" count="0" type="stmt"/>
        <line num="254" count="0" type="stmt"/>
        <line num="255" count="0" type="stmt"/>
        <line num="256" count="0" type="stmt"/>
        <line num="257" count="0" type="stmt"/>
        <line num="258" count="0" type="stmt"/>
        <line num="259" count="0" type="stmt"/>
        <line num="260" count="0" type="stmt"/>
        <line num="261" count="0" type="stmt"/>
        <line num="262" count="0" type="stmt"/>
        <line num="263" count="0" type="stmt"/>
        <line num="264" count="0" type="stmt"/>
        <line num="265" count="0" type="stmt"/>
        <line num="266" count="0" type="stmt"/>
        <line num="267" count="0" type="stmt"/>
        <line num="268" count="0" type="stmt"/>
        <line num="270" count="0" type="stmt"/>
        <line num="271" count="0" type="stmt"/>
        <line num="272" count="0" type="stmt"/>
        <line num="273" count="0" type="stmt"/>
        <line num="274" count="0" type="stmt"/>
        <line num="276" count="0" type="stmt"/>
        <line num="280" count="14" type="stmt"/>
        <line num="281" count="14" type="stmt"/>
        <line num="282" count="14" type="cond" truecount="1" falsecount="0"/>
        <line num="283" count="7" type="stmt"/>
        <line num="284" count="7" type="cond" truecount="1" falsecount="0"/>
        <line num="285" count="42" type="stmt"/>
        <line num="286" count="42" type="stmt"/>
        <line num="287" count="42" type="stmt"/>
        <line num="288" count="42" type="stmt"/>
        <line num="289" count="42" type="stmt"/>
        <line num="290" count="42" type="stmt"/>
        <line num="291" count="7" type="stmt"/>
        <line num="292" count="7" type="cond" truecount="1" falsecount="0"/>
        <line num="293" count="7" type="cond" truecount="1" falsecount="0"/>
        <line num="294" count="1" type="stmt"/>
        <line num="295" count="1" type="stmt"/>
        <line num="296" count="1" type="stmt"/>
        <line num="297" count="1" type="stmt"/>
        <line num="298" count="1" type="cond" truecount="1" falsecount="0"/>
        <line num="299" count="6" type="cond" truecount="0" falsecount="2"/>
        <line num="301" count="0" type="stmt"/>
        <line num="302" count="0" type="stmt"/>
        <line num="303" count="0" type="stmt"/>
        <line num="304" count="0" type="stmt"/>
        <line num="305" count="0" type="stmt"/>
        <line num="306" count="0" type="stmt"/>
        <line num="307" count="0" type="stmt"/>
        <line num="308" count="0" type="stmt"/>
        <line num="309" count="0" type="stmt"/>
        <line num="310" count="0" type="stmt"/>
        <line num="311" count="0" type="stmt"/>
        <line num="312" count="0" type="stmt"/>
        <line num="313" count="0" type="stmt"/>
        <line num="316" count="0" type="stmt"/>
        <line num="317" count="0" type="stmt"/>
        <line num="318" count="0" type="stmt"/>
        <line num="319" count="0" type="stmt"/>
        <line num="320" count="0" type="stmt"/>
        <line num="321" count="0" type="stmt"/>
        <line num="322" count="0" type="stmt"/>
        <line num="323" count="0" type="stmt"/>
        <line num="324" count="0" type="stmt"/>
        <line num="325" count="0" type="stmt"/>
        <line num="327" count="0" type="stmt"/>
        <line num="328" count="0" type="stmt"/>
        <line num="330" count="0" type="stmt"/>
        <line num="331" count="0" type="stmt"/>
        <line num="333" count="0" type="stmt"/>
        <line num="334" count="0" type="stmt"/>
        <line num="335" count="0" type="stmt"/>
        <line num="336" count="0" type="stmt"/>
        <line num="337" count="0" type="stmt"/>
        <line num="338" count="0" type="stmt"/>
        <line num="339" count="0" type="stmt"/>
        <line num="340" count="0" type="stmt"/>
        <line num="342" count="0" type="stmt"/>
        <line num="344" count="0" type="stmt"/>
        <line num="346" count="0" type="stmt"/>
        <line num="347" count="0" type="stmt"/>
        <line num="348" count="0" type="stmt"/>
        <line num="349" count="0" type="stmt"/>
        <line num="351" count="0" type="stmt"/>
        <line num="352" count="0" type="stmt"/>
        <line num="355" count="6" type="stmt"/>
        <line num="356" count="6" type="stmt"/>
        <line num="357" count="6" type="cond" truecount="1" falsecount="0"/>
        <line num="358" count="12" type="stmt"/>
        <line num="359" count="12" type="stmt"/>
        <line num="360" count="12" type="stmt"/>
        <line num="361" count="12" type="stmt"/>
        <line num="362" count="12" type="stmt"/>
        <line num="363" count="12" type="stmt"/>
        <line num="364" count="12" type="stmt"/>
        <line num="365" count="12" type="stmt"/>
        <line num="366" count="12" type="stmt"/>
        <line num="369" count="12" type="stmt"/>
        <line num="370" count="12" type="stmt"/>
        <line num="371" count="12" type="stmt"/>
        <line num="372" count="12" type="stmt"/>
        <line num="373" count="12" type="stmt"/>
        <line num="374" count="12" type="cond" truecount="0" falsecount="1"/>
        <line num="375" count="0" type="stmt"/>
        <line num="376" count="0" type="stmt"/>
        <line num="377" count="0" type="stmt"/>
        <line num="379" count="12" type="stmt"/>
        <line num="380" count="12" type="stmt"/>
        <line num="381" count="12" type="stmt"/>
        <line num="382" count="12" type="stmt"/>
        <line num="383" count="12" type="stmt"/>
        <line num="386" count="12" type="stmt"/>
        <line num="389" count="12" type="cond" truecount="0" falsecount="1"/>
        <line num="390" count="0" type="stmt"/>
        <line num="391" count="0" type="stmt"/>
        <line num="392" count="0" type="stmt"/>
        <line num="396" count="12" type="stmt"/>
        <line num="397" count="12" type="cond" truecount="0" falsecount="1"/>
        <line num="398" count="12" type="stmt"/>
        <line num="401" count="12" type="stmt"/>
        <line num="402" count="12" type="stmt"/>
        <line num="403" count="12" type="cond" truecount="0" falsecount="1"/>
        <line num="404" count="12" type="stmt"/>
        <line num="407" count="12" type="stmt"/>
        <line num="408" count="12" type="stmt"/>
        <line num="409" count="12" type="stmt"/>
        <line num="410" count="12" type="stmt"/>
        <line num="412" count="6" type="stmt"/>
        <line num="413" count="6" type="stmt"/>
        <line num="414" count="6" type="stmt"/>
        <line num="418" count="14" type="cond" truecount="2" falsecount="0"/>
        <line num="419" count="6" type="stmt"/>
        <line num="420" count="6" type="cond" truecount="0" falsecount="1"/>
        <line num="421" count="0" type="stmt"/>
        <line num="422" count="0" type="stmt"/>
        <line num="423" count="0" type="stmt"/>
        <line num="424" count="0" type="stmt"/>
        <line num="425" count="0" type="stmt"/>
        <line num="426" count="0" type="stmt"/>
        <line num="428" count="0" type="stmt"/>
        <line num="429" count="0" type="stmt"/>
        <line num="430" count="0" type="stmt"/>
        <line num="431" count="0" type="stmt"/>
        <line num="432" count="0" type="stmt"/>
        <line num="433" count="0" type="stmt"/>
        <line num="434" count="0" type="stmt"/>
        <line num="435" count="0" type="stmt"/>
        <line num="436" count="0" type="stmt"/>
        <line num="438" count="0" type="stmt"/>
        <line num="439" count="0" type="stmt"/>
        <line num="441" count="6" type="stmt"/>
        <line num="442" count="6" type="cond" truecount="0" falsecount="2"/>
        <line num="443" count="6" type="stmt"/>
        <line num="444" count="6" type="stmt"/>
        <line num="446" count="14" type="stmt"/>
        <line num="447" count="14" type="stmt"/>
        <line num="450" count="14" type="stmt"/>
        <line num="451" count="14" type="stmt"/>
        <line num="452" count="14" type="stmt"/>
        <line num="453" count="14" type="stmt"/>
        <line num="454" count="14" type="stmt"/>
        <line num="455" count="14" type="cond" truecount="0" falsecount="1"/>
        <line num="456" count="14" type="cond" truecount="0" falsecount="1"/>
        <line num="457" count="14" type="stmt"/>
        <line num="458" count="14" type="stmt"/>
        <line num="460" count="14" type="stmt"/>
        <line num="462" count="14" type="stmt"/>
        <line num="463" count="14" type="cond" truecount="0" falsecount="2"/>
        <line num="464" count="0" type="stmt"/>
        <line num="465" count="0" type="stmt"/>
        <line num="466" count="0" type="stmt"/>
        <line num="468" count="14" type="cond" truecount="0" falsecount="2"/>
        <line num="469" count="0" type="stmt"/>
        <line num="470" count="0" type="stmt"/>
        <line num="471" count="0" type="stmt"/>
        <line num="473" count="14" type="stmt"/>
        <line num="474" count="14" type="cond" truecount="0" falsecount="1"/>
        <line num="475" count="14" type="stmt"/>
        <line num="476" count="14" type="stmt"/>
        <line num="478" count="14" type="stmt"/>
        <line num="481" count="14" type="stmt"/>
        <line num="482" count="14" type="cond" truecount="0" falsecount="2"/>
        <line num="483" count="14" type="stmt"/>
        <line num="485" count="14" type="stmt"/>
        <line num="486" count="14" type="cond" truecount="0" falsecount="1"/>
        <line num="487" count="14" type="stmt"/>
        <line num="488" count="14" type="stmt"/>
        <line num="489" count="14" type="stmt"/>
        <line num="490" count="14" type="stmt"/>
        <line num="491" count="14" type="stmt"/>
        <line num="493" count="14" type="stmt"/>
      </file>
      <file name="ChatArea.tsx" path="D:\AI Demo\KnowBase\frontend\src\components\ChatArea.tsx">
        <metrics statements="385" coveredstatements="162" conditionals="31" coveredconditionals="21" methods="13" coveredmethods="2"/>
        <line num="1" count="1" type="stmt"/>
        <line num="2" count="1" type="stmt"/>
        <line num="4" count="1" type="stmt"/>
        <line num="5" count="1" type="stmt"/>
        <line num="6" count="1" type="stmt"/>
        <line num="8" count="1" type="stmt"/>
        <line num="9" count="1" type="stmt"/>
        <line num="25" count="3" type="cond" truecount="1" falsecount="0"/>
        <line num="26" count="3" type="stmt"/>
        <line num="27" count="3" type="stmt"/>
        <line num="28" count="3" type="stmt"/>
        <line num="29" count="3" type="stmt"/>
        <line num="30" count="3" type="stmt"/>
        <line num="32" count="3" type="cond" truecount="1" falsecount="0"/>
        <line num="33" count="3" type="stmt"/>
        <line num="34" count="3" type="stmt"/>
        <line num="35" count="3" type="stmt"/>
        <line num="36" count="3" type="stmt"/>
        <line num="39" count="3" type="stmt"/>
        <line num="40" count="3" type="cond" truecount="1" falsecount="0"/>
        <line num="41" count="3" type="cond" truecount="0" falsecount="2"/>
        <line num="42" count="0" type="stmt"/>
        <line num="43" count="0" type="stmt"/>
        <line num="44" count="0" type="stmt"/>
        <line num="45" count="0" type="stmt"/>
        <line num="46" count="0" type="stmt"/>
        <line num="47" count="0" type="stmt"/>
        <line num="48" count="3" type="stmt"/>
        <line num="49" count="3" type="stmt"/>
        <line num="51" count="3" type="stmt"/>
        <line num="52" count="0" type="stmt"/>
        <line num="53" count="0" type="stmt"/>
        <line num="54" count="0" type="stmt"/>
        <line num="55" count="0" type="stmt"/>
        <line num="56" count="0" type="stmt"/>
        <line num="58" count="3" type="stmt"/>
        <line num="59" count="0" type="stmt"/>
        <line num="60" count="0" type="stmt"/>
        <line num="62" count="3" type="cond" truecount="1" falsecount="0"/>
        <line num="63" count="3" type="stmt"/>
        <line num="64" count="3" type="stmt"/>
        <line num="65" count="3" type="stmt"/>
        <line num="66" count="3" type="stmt"/>
        <line num="67" count="3" type="stmt"/>
        <line num="69" count="3" type="stmt"/>
        <line num="70" count="3" type="cond" truecount="0" falsecount="2"/>
        <line num="71" count="0" type="stmt"/>
        <line num="72" count="3" type="stmt"/>
        <line num="74" count="3" type="stmt"/>
        <line num="75" count="3" type="stmt"/>
        <line num="77" count="3" type="stmt"/>
        <line num="78" count="3" type="stmt"/>
        <line num="79" count="3" type="cond" truecount="0" falsecount="1"/>
        <line num="80" count="0" type="stmt"/>
        <line num="81" count="0" type="stmt"/>
        <line num="82" count="0" type="stmt"/>
        <line num="84" count="3" type="stmt"/>
        <line num="85" count="3" type="stmt"/>
        <line num="87" count="3" type="stmt"/>
        <line num="89" count="3" type="stmt"/>
        <line num="90" count="3" type="stmt"/>
        <line num="91" count="3" type="stmt"/>
        <line num="92" count="3" type="stmt"/>
        <line num="93" count="3" type="stmt"/>
        <line num="94" count="3" type="stmt"/>
        <line num="95" count="3" type="stmt"/>
        <line num="96" count="3" type="stmt"/>
        <line num="97" count="3" type="stmt"/>
        <line num="98" count="3" type="stmt"/>
        <line num="99" count="3" type="stmt"/>
        <line num="100" count="3" type="stmt"/>
        <line num="101" count="3" type="stmt"/>
        <line num="102" count="3" type="stmt"/>
        <line num="104" count="3" type="stmt"/>
        <line num="107" count="3" type="stmt"/>
        <line num="108" count="3" type="stmt"/>
        <line num="109" count="3" type="stmt"/>
        <line num="110" count="3" type="stmt"/>
        <line num="111" count="3" type="stmt"/>
        <line num="112" count="3" type="cond" truecount="0" falsecount="1"/>
        <line num="113" count="3" type="stmt"/>
        <line num="114" count="3" type="stmt"/>
        <line num="115" count="3" type="cond" truecount="0" falsecount="1"/>
        <line num="116" count="3" type="stmt"/>
        <line num="117" count="3" type="stmt"/>
        <line num="119" count="3" type="stmt"/>
        <line num="120" count="3" type="stmt"/>
        <line num="121" count="3" type="stmt"/>
        <line num="122" count="3" type="stmt"/>
        <line num="123" count="3" type="stmt"/>
        <line num="124" count="3" type="stmt"/>
        <line num="125" count="3" type="stmt"/>
        <line num="126" count="3" type="stmt"/>
        <line num="127" count="3" type="stmt"/>
        <line num="128" count="3" type="stmt"/>
        <line num="129" count="3" type="stmt"/>
        <line num="130" count="3" type="stmt"/>
        <line num="132" count="3" type="stmt"/>
        <line num="133" count="3" type="cond" truecount="1" falsecount="0"/>
        <line num="134" count="12" type="stmt"/>
        <line num="135" count="12" type="stmt"/>
        <line num="136" count="12" type="stmt"/>
        <line num="137" count="12" type="stmt"/>
        <line num="138" count="12" type="stmt"/>
        <line num="139" count="12" type="cond" truecount="2" falsecount="0"/>
        <line num="140" count="12" type="stmt"/>
        <line num="141" count="12" type="cond" truecount="6" falsecount="0"/>
        <line num="142" count="12" type="stmt"/>
        <line num="143" count="12" type="stmt"/>
        <line num="144" count="12" type="cond" truecount="6" falsecount="0"/>
        <line num="145" count="12" type="stmt"/>
        <line num="146" count="12" type="stmt"/>
        <line num="147" count="3" type="stmt"/>
        <line num="148" count="3" type="stmt"/>
        <line num="149" count="3" type="stmt"/>
        <line num="150" count="3" type="stmt"/>
        <line num="153" count="3" type="stmt"/>
        <line num="154" count="3" type="stmt"/>
        <line num="155" count="3" type="cond" truecount="0" falsecount="2"/>
        <line num="156" count="0" type="stmt"/>
        <line num="157" count="0" type="stmt"/>
        <line num="158" count="0" type="stmt"/>
        <line num="159" count="0" type="stmt"/>
        <line num="160" count="0" type="stmt"/>
        <line num="161" count="0" type="stmt"/>
        <line num="162" count="0" type="stmt"/>
        <line num="164" count="0" type="stmt"/>
        <line num="165" count="0" type="stmt"/>
        <line num="166" count="0" type="stmt"/>
        <line num="167" count="0" type="stmt"/>
        <line num="168" count="0" type="stmt"/>
        <line num="169" count="0" type="stmt"/>
        <line num="170" count="0" type="stmt"/>
        <line num="173" count="0" type="stmt"/>
        <line num="174" count="0" type="stmt"/>
        <line num="175" count="0" type="stmt"/>
        <line num="176" count="0" type="stmt"/>
        <line num="177" count="0" type="stmt"/>
        <line num="178" count="0" type="stmt"/>
        <line num="179" count="0" type="stmt"/>
        <line num="181" count="0" type="stmt"/>
        <line num="182" count="0" type="stmt"/>
        <line num="183" count="0" type="stmt"/>
        <line num="184" count="0" type="stmt"/>
        <line num="185" count="0" type="stmt"/>
        <line num="186" count="0" type="stmt"/>
        <line num="187" count="0" type="stmt"/>
        <line num="188" count="0" type="stmt"/>
        <line num="189" count="0" type="stmt"/>
        <line num="190" count="0" type="stmt"/>
        <line num="191" count="0" type="stmt"/>
        <line num="192" count="0" type="stmt"/>
        <line num="193" count="0" type="stmt"/>
        <line num="194" count="0" type="stmt"/>
        <line num="196" count="0" type="stmt"/>
        <line num="197" count="0" type="stmt"/>
        <line num="199" count="3" type="stmt"/>
        <line num="200" count="3" type="stmt"/>
        <line num="203" count="3" type="stmt"/>
        <line num="204" count="3" type="stmt"/>
        <line num="205" count="3" type="stmt"/>
        <line num="206" count="3" type="stmt"/>
        <line num="207" count="3" type="stmt"/>
        <line num="208" count="3" type="stmt"/>
        <line num="209" count="3" type="stmt"/>
        <line num="210" count="3" type="stmt"/>
        <line num="211" count="3" type="stmt"/>
        <line num="212" count="3" type="stmt"/>
        <line num="213" count="3" type="stmt"/>
        <line num="214" count="3" type="stmt"/>
        <line num="215" count="3" type="stmt"/>
        <line num="216" count="3" type="cond" truecount="0" falsecount="1"/>
        <line num="217" count="0" type="stmt"/>
        <line num="218" count="0" type="stmt"/>
        <line num="219" count="0" type="stmt"/>
        <line num="221" count="3" type="stmt"/>
        <line num="222" count="3" type="stmt"/>
        <line num="223" count="3" type="stmt"/>
        <line num="225" count="3" type="stmt"/>
        <line num="226" count="3" type="stmt"/>
        <line num="228" count="3" type="stmt"/>
        <line num="229" count="3" type="stmt"/>
        <line num="230" count="3" type="stmt"/>
        <line num="231" count="3" type="stmt"/>
        <line num="233" count="3" type="stmt"/>
        <line num="235" count="3" type="cond" truecount="1" falsecount="0"/>
        <line num="236" count="3" type="stmt"/>
        <line num="237" count="3" type="stmt"/>
        <line num="238" count="3" type="stmt"/>
        <line num="239" count="3" type="stmt"/>
        <line num="240" count="3" type="stmt"/>
        <line num="242" count="3" type="stmt"/>
        <line num="243" count="3" type="stmt"/>
        <line num="244" count="3" type="stmt"/>
        <line num="245" count="3" type="stmt"/>
        <line num="246" count="3" type="stmt"/>
        <line num="247" count="3" type="stmt"/>
        <line num="249" count="3" type="stmt"/>
        <line num="250" count="3" type="stmt"/>
        <line num="251" count="3" type="stmt"/>
        <line num="252" count="3" type="stmt"/>
        <line num="253" count="3" type="stmt"/>
        <line num="255" count="3" type="stmt"/>
        <line num="256" count="3" type="stmt"/>
        <line num="258" count="3" type="stmt"/>
        <line num="259" count="3" type="cond" truecount="1" falsecount="0"/>
        <line num="260" count="9" type="stmt"/>
        <line num="261" count="9" type="stmt"/>
        <line num="262" count="9" type="stmt"/>
        <line num="263" count="9" type="stmt"/>
        <line num="264" count="9" type="stmt"/>
        <line num="265" count="9" type="stmt"/>
        <line num="267" count="9" type="stmt"/>
        <line num="268" count="9" type="stmt"/>
        <line num="269" count="9" type="stmt"/>
        <line num="270" count="3" type="stmt"/>
        <line num="271" count="3" type="stmt"/>
        <line num="272" count="3" type="stmt"/>
        <line num="274" count="3" type="stmt"/>
        <line num="276" count="0" type="stmt"/>
        <line num="277" count="0" type="stmt"/>
        <line num="278" count="0" type="stmt"/>
        <line num="279" count="0" type="stmt"/>
        <line num="280" count="0" type="stmt"/>
        <line num="281" count="0" type="stmt"/>
        <line num="282" count="0" type="stmt"/>
        <line num="283" count="0" type="stmt"/>
        <line num="285" count="0" type="stmt"/>
        <line num="286" count="0" type="stmt"/>
        <line num="287" count="0" type="stmt"/>
        <line num="288" count="0" type="stmt"/>
        <line num="289" count="0" type="stmt"/>
        <line num="290" count="0" type="stmt"/>
        <line num="292" count="0" type="stmt"/>
        <line num="294" count="0" type="stmt"/>
        <line num="295" count="0" type="stmt"/>
        <line num="296" count="0" type="stmt"/>
        <line num="297" count="0" type="stmt"/>
        <line num="298" count="0" type="stmt"/>
        <line num="299" count="0" type="stmt"/>
        <line num="300" count="0" type="stmt"/>
        <line num="301" count="0" type="stmt"/>
        <line num="302" count="0" type="stmt"/>
        <line num="303" count="0" type="stmt"/>
        <line num="304" count="0" type="stmt"/>
        <line num="305" count="0" type="stmt"/>
        <line num="306" count="0" type="stmt"/>
        <line num="307" count="0" type="stmt"/>
        <line num="308" count="0" type="stmt"/>
        <line num="309" count="0" type="stmt"/>
        <line num="310" count="0" type="stmt"/>
        <line num="312" count="0" type="stmt"/>
        <line num="313" count="0" type="stmt"/>
        <line num="315" count="0" type="stmt"/>
        <line num="316" count="0" type="stmt"/>
        <line num="317" count="0" type="stmt"/>
        <line num="318" count="0" type="stmt"/>
        <line num="320" count="0" type="stmt"/>
        <line num="322" count="0" type="stmt"/>
        <line num="323" count="0" type="stmt"/>
        <line num="324" count="0" type="stmt"/>
        <line num="325" count="0" type="stmt"/>
        <line num="326" count="0" type="stmt"/>
        <line num="327" count="0" type="stmt"/>
        <line num="328" count="0" type="stmt"/>
        <line num="329" count="0" type="stmt"/>
        <line num="330" count="0" type="stmt"/>
        <line num="331" count="0" type="stmt"/>
        <line num="332" count="0" type="stmt"/>
        <line num="333" count="0" type="stmt"/>
        <line num="334" count="0" type="stmt"/>
        <line num="335" count="0" type="stmt"/>
        <line num="336" count="0" type="stmt"/>
        <line num="338" count="0" type="stmt"/>
        <line num="344" count="0" type="stmt"/>
        <line num="348" count="0" type="stmt"/>
        <line num="349" count="0" type="stmt"/>
        <line num="350" count="0" type="stmt"/>
        <line num="351" count="0" type="stmt"/>
        <line num="352" count="0" type="stmt"/>
        <line num="354" count="0" type="stmt"/>
        <line num="356" count="0" type="stmt"/>
        <line num="357" count="0" type="stmt"/>
        <line num="358" count="0" type="stmt"/>
        <line num="359" count="0" type="stmt"/>
        <line num="360" count="0" type="stmt"/>
        <line num="361" count="0" type="stmt"/>
        <line num="362" count="0" type="stmt"/>
        <line num="363" count="0" type="stmt"/>
        <line num="364" count="0" type="stmt"/>
        <line num="365" count="0" type="stmt"/>
        <line num="366" count="0" type="stmt"/>
        <line num="367" count="0" type="stmt"/>
        <line num="368" count="0" type="stmt"/>
        <line num="370" count="0" type="stmt"/>
        <line num="371" count="0" type="stmt"/>
        <line num="373" count="0" type="stmt"/>
        <line num="374" count="0" type="stmt"/>
        <line num="375" count="0" type="stmt"/>
        <line num="377" count="0" type="stmt"/>
        <line num="378" count="0" type="stmt"/>
        <line num="381" count="0" type="stmt"/>
        <line num="382" count="0" type="stmt"/>
        <line num="383" count="0" type="stmt"/>
        <line num="384" count="0" type="stmt"/>
        <line num="385" count="0" type="stmt"/>
        <line num="387" count="0" type="stmt"/>
        <line num="389" count="0" type="stmt"/>
        <line num="390" count="0" type="stmt"/>
        <line num="391" count="0" type="stmt"/>
        <line num="393" count="0" type="stmt"/>
        <line num="395" count="0" type="stmt"/>
        <line num="396" count="0" type="stmt"/>
        <line num="399" count="0" type="stmt"/>
        <line num="400" count="0" type="stmt"/>
        <line num="401" count="0" type="stmt"/>
        <line num="403" count="0" type="stmt"/>
        <line num="404" count="0" type="stmt"/>
        <line num="405" count="0" type="stmt"/>
        <line num="406" count="0" type="stmt"/>
        <line num="407" count="0" type="stmt"/>
        <line num="408" count="0" type="stmt"/>
        <line num="409" count="0" type="stmt"/>
        <line num="410" count="0" type="stmt"/>
        <line num="411" count="0" type="stmt"/>
        <line num="413" count="0" type="stmt"/>
        <line num="414" count="0" type="stmt"/>
        <line num="416" count="0" type="stmt"/>
        <line num="417" count="0" type="stmt"/>
        <line num="419" count="0" type="stmt"/>
        <line num="420" count="0" type="stmt"/>
        <line num="424" count="0" type="stmt"/>
        <line num="427" count="0" type="stmt"/>
        <line num="428" count="0" type="stmt"/>
        <line num="429" count="0" type="stmt"/>
        <line num="430" count="0" type="stmt"/>
        <line num="431" count="0" type="stmt"/>
        <line num="432" count="0" type="stmt"/>
        <line num="433" count="0" type="stmt"/>
        <line num="434" count="0" type="stmt"/>
        <line num="435" count="0" type="stmt"/>
        <line num="436" count="0" type="stmt"/>
        <line num="437" count="0" type="stmt"/>
        <line num="439" count="0" type="stmt"/>
        <line num="442" count="0" type="stmt"/>
        <line num="443" count="0" type="stmt"/>
        <line num="444" count="0" type="stmt"/>
        <line num="445" count="0" type="stmt"/>
        <line num="446" count="0" type="stmt"/>
        <line num="447" count="0" type="stmt"/>
        <line num="448" count="0" type="stmt"/>
        <line num="452" count="0" type="stmt"/>
        <line num="453" count="0" type="stmt"/>
        <line num="454" count="0" type="stmt"/>
        <line num="455" count="0" type="stmt"/>
        <line num="456" count="0" type="stmt"/>
        <line num="457" count="0" type="stmt"/>
        <line num="458" count="0" type="stmt"/>
        <line num="460" count="0" type="stmt"/>
        <line num="461" count="0" type="stmt"/>
        <line num="462" count="0" type="stmt"/>
        <line num="463" count="0" type="stmt"/>
        <line num="464" count="0" type="stmt"/>
        <line num="465" count="0" type="stmt"/>
        <line num="466" count="0" type="stmt"/>
        <line num="467" count="0" type="stmt"/>
        <line num="468" count="0" type="stmt"/>
        <line num="469" count="0" type="stmt"/>
        <line num="470" count="0" type="stmt"/>
        <line num="471" count="0" type="stmt"/>
        <line num="472" count="0" type="stmt"/>
        <line num="474" count="0" type="stmt"/>
        <line num="477" count="0" type="stmt"/>
        <line num="478" count="0" type="stmt"/>
        <line num="479" count="0" type="stmt"/>
        <line num="480" count="0" type="stmt"/>
        <line num="481" count="0" type="stmt"/>
        <line num="482" count="0" type="stmt"/>
        <line num="486" count="0" type="stmt"/>
        <line num="487" count="0" type="stmt"/>
        <line num="489" count="0" type="stmt"/>
        <line num="491" count="0" type="stmt"/>
        <line num="493" count="0" type="stmt"/>
        <line num="494" count="0" type="stmt"/>
        <line num="496" count="0" type="stmt"/>
      </file>
      <file name="DashboardPage.tsx" path="D:\AI Demo\KnowBase\frontend\src\components\DashboardPage.tsx">
        <metrics statements="301" coveredstatements="297" conditionals="63" coveredconditionals="45" methods="6" coveredmethods="5"/>
        <line num="1" count="1" type="stmt"/>
        <line num="2" count="1" type="stmt"/>
        <line num="3" count="1" type="stmt"/>
        <line num="4" count="1" type="stmt"/>
        <line num="6" count="1" type="stmt"/>
        <line num="8" count="1" type="stmt"/>
        <line num="31" count="17" type="cond" truecount="1" falsecount="0"/>
        <line num="32" count="17" type="stmt"/>
        <line num="33" count="17" type="stmt"/>
        <line num="34" count="17" type="stmt"/>
        <line num="35" count="17" type="stmt"/>
        <line num="37" count="17" type="cond" truecount="1" falsecount="1"/>
        <line num="38" count="17" type="cond" truecount="1" falsecount="0"/>
        <line num="39" count="17" type="cond" truecount="1" falsecount="0"/>
        <line num="40" count="17" type="cond" truecount="1" falsecount="0"/>
        <line num="41" count="17" type="cond" truecount="1" falsecount="0"/>
        <line num="43" count="17" type="cond" truecount="1" falsecount="0"/>
        <line num="44" count="8" type="stmt"/>
        <line num="45" count="8" type="stmt"/>
        <line num="46" count="8" type="stmt"/>
        <line num="47" count="8" type="stmt"/>
        <line num="48" count="8" type="cond" truecount="1" falsecount="0"/>
        <line num="49" count="17" type="stmt"/>
        <line num="51" count="17" type="cond" truecount="1" falsecount="0"/>
        <line num="52" count="9" type="stmt"/>
        <line num="53" count="9" type="stmt"/>
        <line num="54" count="9" type="stmt"/>
        <line num="55" count="9" type="stmt"/>
        <line num="56" count="9" type="stmt"/>
        <line num="57" count="9" type="cond" truecount="1" falsecount="0"/>
        <line num="58" count="9" type="cond" truecount="0" falsecount="1"/>
        <line num="59" count="9" type="cond" truecount="0" falsecount="1"/>
        <line num="60" count="9" type="cond" truecount="1" falsecount="0"/>
        <line num="61" count="9" type="cond" truecount="1" falsecount="1"/>
        <line num="62" count="9" type="cond" truecount="1" falsecount="0"/>
        <line num="63" count="17" type="cond" truecount="1" falsecount="0"/>
        <line num="64" count="8" type="stmt"/>
        <line num="65" count="8" type="stmt"/>
        <line num="66" count="8" type="stmt"/>
        <line num="67" count="8" type="stmt"/>
        <line num="68" count="8" type="stmt"/>
        <line num="69" count="8" type="stmt"/>
        <line num="70" count="8" type="stmt"/>
        <line num="71" count="8" type="stmt"/>
        <line num="72" count="8" type="stmt"/>
        <line num="73" count="8" type="stmt"/>
        <line num="74" count="8" type="stmt"/>
        <line num="75" count="8" type="stmt"/>
        <line num="78" count="17" type="cond" truecount="1" falsecount="0"/>
        <line num="79" count="408" type="stmt"/>
        <line num="80" count="408" type="cond" truecount="1" falsecount="0"/>
        <line num="81" count="408" type="cond" truecount="1" falsecount="0"/>
        <line num="82" count="408" type="cond" truecount="1" falsecount="0"/>
        <line num="83" count="408" type="cond" truecount="3" falsecount="0"/>
        <line num="84" count="408" type="stmt"/>
        <line num="85" count="17" type="stmt"/>
        <line num="87" count="17" type="cond" truecount="1" falsecount="0"/>
        <line num="89" count="17" type="stmt"/>
        <line num="90" count="17" type="stmt"/>
        <line num="92" count="17" type="stmt"/>
        <line num="93" count="17" type="stmt"/>
        <line num="94" count="17" type="stmt"/>
        <line num="95" count="17" type="stmt"/>
        <line num="96" count="17" type="stmt"/>
        <line num="97" count="17" type="stmt"/>
        <line num="99" count="17" type="cond" truecount="1" falsecount="0"/>
        <line num="100" count="17" type="stmt"/>
        <line num="101" count="17" type="stmt"/>
        <line num="102" count="17" type="stmt"/>
        <line num="103" count="17" type="stmt"/>
        <line num="104" count="17" type="stmt"/>
        <line num="105" count="17" type="stmt"/>
        <line num="106" count="17" type="stmt"/>
        <line num="108" count="17" type="stmt"/>
        <line num="109" count="17" type="stmt"/>
        <line num="110" count="17" type="stmt"/>
        <line num="111" count="17" type="stmt"/>
        <line num="112" count="17" type="stmt"/>
        <line num="113" count="17" type="stmt"/>
        <line num="114" count="17" type="cond" truecount="0" falsecount="1"/>
        <line num="115" count="17" type="stmt"/>
        <line num="116" count="17" type="stmt"/>
        <line num="117" count="17" type="cond" truecount="0" falsecount="1"/>
        <line num="118" count="17" type="stmt"/>
        <line num="119" count="17" type="stmt"/>
        <line num="121" count="17" type="stmt"/>
        <line num="122" count="17" type="cond" truecount="1" falsecount="0"/>
        <line num="123" count="51" type="cond" truecount="1" falsecount="0"/>
        <line num="124" count="51" type="stmt"/>
        <line num="125" count="51" type="cond" truecount="2" falsecount="0"/>
        <line num="126" count="51" type="stmt"/>
        <line num="127" count="51" type="stmt"/>
        <line num="128" count="51" type="stmt"/>
        <line num="129" count="17" type="stmt"/>
        <line num="130" count="17" type="stmt"/>
        <line num="131" count="17" type="stmt"/>
        <line num="132" count="17" type="stmt"/>
        <line num="134" count="17" type="stmt"/>
        <line num="135" count="17" type="stmt"/>
        <line num="136" count="17" type="cond" truecount="1" falsecount="0"/>
        <line num="137" count="8" type="stmt"/>
        <line num="138" count="8" type="cond" truecount="1" falsecount="0"/>
        <line num="139" count="32" type="stmt"/>
        <line num="140" count="32" type="stmt"/>
        <line num="141" count="32" type="stmt"/>
        <line num="142" count="32" type="stmt"/>
        <line num="143" count="8" type="stmt"/>
        <line num="144" count="8" type="cond" truecount="1" falsecount="0"/>
        <line num="145" count="9" type="cond" truecount="1" falsecount="0"/>
        <line num="146" count="1" type="stmt"/>
        <line num="147" count="1" type="stmt"/>
        <line num="148" count="1" type="stmt"/>
        <line num="149" count="1" type="stmt"/>
        <line num="150" count="1" type="cond" truecount="1" falsecount="0"/>
        <line num="152" count="8" type="stmt"/>
        <line num="154" count="8" type="stmt"/>
        <line num="155" count="8" type="stmt"/>
        <line num="156" count="8" type="stmt"/>
        <line num="157" count="8" type="stmt"/>
        <line num="158" count="8" type="cond" truecount="0" falsecount="1"/>
        <line num="159" count="8" type="cond" truecount="0" falsecount="1"/>
        <line num="160" count="8" type="cond" truecount="0" falsecount="3"/>
        <line num="161" count="8" type="stmt"/>
        <line num="164" count="8" type="stmt"/>
        <line num="165" count="8" type="stmt"/>
        <line num="166" count="8" type="stmt"/>
        <line num="167" count="8" type="stmt"/>
        <line num="168" count="8" type="stmt"/>
        <line num="170" count="8" type="stmt"/>
        <line num="171" count="8" type="stmt"/>
        <line num="172" count="8" type="stmt"/>
        <line num="173" count="8" type="stmt"/>
        <line num="174" count="8" type="stmt"/>
        <line num="175" count="8" type="cond" truecount="1" falsecount="0"/>
        <line num="176" count="192" type="stmt"/>
        <line num="177" count="192" type="stmt"/>
        <line num="178" count="192" type="stmt"/>
        <line num="179" count="192" type="stmt"/>
        <line num="180" count="192" type="stmt"/>
        <line num="181" count="192" type="cond" truecount="2" falsecount="0"/>
        <line num="182" count="192" type="stmt"/>
        <line num="183" count="192" type="stmt"/>
        <line num="184" count="192" type="stmt"/>
        <line num="185" count="192" type="cond" truecount="2" falsecount="0"/>
        <line num="186" count="192" type="stmt"/>
        <line num="187" count="192" type="stmt"/>
        <line num="188" count="192" type="stmt"/>
        <line num="189" count="192" type="stmt"/>
        <line num="190" count="192" type="stmt"/>
        <line num="191" count="192" type="stmt"/>
        <line num="192" count="192" type="stmt"/>
        <line num="193" count="192" type="stmt"/>
        <line num="194" count="8" type="stmt"/>
        <line num="195" count="8" type="stmt"/>
        <line num="196" count="8" type="stmt"/>
        <line num="197" count="8" type="cond" truecount="1" falsecount="0"/>
        <line num="198" count="8" type="stmt"/>
        <line num="199" count="8" type="stmt"/>
        <line num="201" count="8" type="stmt"/>
        <line num="203" count="8" type="stmt"/>
        <line num="204" count="8" type="stmt"/>
        <line num="205" count="8" type="stmt"/>
        <line num="206" count="8" type="stmt"/>
        <line num="207" count="8" type="stmt"/>
        <line num="209" count="8" type="stmt"/>
        <line num="210" count="8" type="stmt"/>
        <line num="211" count="8" type="stmt"/>
        <line num="212" count="8" type="stmt"/>
        <line num="213" count="8" type="stmt"/>
        <line num="214" count="8" type="stmt"/>
        <line num="215" count="8" type="cond" truecount="1" falsecount="0"/>
        <line num="216" count="24" type="stmt"/>
        <line num="217" count="24" type="cond" truecount="2" falsecount="0"/>
        <line num="218" count="16" type="cond" truecount="1" falsecount="0"/>
        <line num="219" count="8" type="stmt"/>
        <line num="220" count="24" type="stmt"/>
        <line num="221" count="24" type="stmt"/>
        <line num="222" count="24" type="stmt"/>
        <line num="223" count="24" type="stmt"/>
        <line num="224" count="24" type="stmt"/>
        <line num="225" count="24" type="stmt"/>
        <line num="226" count="24" type="stmt"/>
        <line num="227" count="24" type="stmt"/>
        <line num="228" count="24" type="stmt"/>
        <line num="230" count="8" type="stmt"/>
        <line num="231" count="8" type="stmt"/>
        <line num="232" count="8" type="stmt"/>
        <line num="233" count="8" type="stmt"/>
        <line num="234" count="8" type="stmt"/>
        <line num="235" count="8" type="stmt"/>
        <line num="236" count="8" type="stmt"/>
        <line num="237" count="8" type="stmt"/>
        <line num="238" count="8" type="stmt"/>
        <line num="239" count="8" type="stmt"/>
        <line num="240" count="8" type="stmt"/>
        <line num="241" count="8" type="stmt"/>
        <line num="244" count="8" type="stmt"/>
        <line num="245" count="8" type="stmt"/>
        <line num="246" count="8" type="stmt"/>
        <line num="247" count="8" type="stmt"/>
        <line num="248" count="8" type="stmt"/>
        <line num="250" count="8" type="stmt"/>
        <line num="251" count="8" type="stmt"/>
        <line num="252" count="8" type="cond" truecount="1" falsecount="0"/>
        <line num="253" count="8" type="stmt"/>
        <line num="254" count="8" type="stmt"/>
        <line num="255" count="8" type="stmt"/>
        <line num="256" count="8" type="cond" truecount="0" falsecount="1"/>
        <line num="257" count="8" type="cond" truecount="0" falsecount="1"/>
        <line num="258" count="8" type="stmt"/>
        <line num="259" count="8" type="stmt"/>
        <line num="260" count="8" type="stmt"/>
        <line num="261" count="8" type="stmt"/>
        <line num="262" count="8" type="stmt"/>
        <line num="263" count="8" type="stmt"/>
        <line num="266" count="8" type="stmt"/>
        <line num="267" count="8" type="stmt"/>
        <line num="268" count="8" type="stmt"/>
        <line num="269" count="8" type="stmt"/>
        <line num="270" count="8" type="stmt"/>
        <line num="272" count="8" type="stmt"/>
        <line num="273" count="8" type="stmt"/>
        <line num="275" count="8" type="stmt"/>
        <line num="276" count="8" type="stmt"/>
        <line num="277" count="8" type="cond" truecount="0" falsecount="1"/>
        <line num="278" count="0" type="stmt"/>
        <line num="279" count="0" type="stmt"/>
        <line num="280" count="0" type="stmt"/>
        <line num="281" count="0" type="stmt"/>
        <line num="283" count="8" type="stmt"/>
        <line num="284" count="8" type="stmt"/>
        <line num="285" count="8" type="stmt"/>
        <line num="286" count="8" type="stmt"/>
        <line num="287" count="8" type="stmt"/>
        <line num="288" count="8" type="stmt"/>
        <line num="289" count="8" type="stmt"/>
        <line num="290" count="8" type="stmt"/>
        <line num="291" count="8" type="stmt"/>
        <line num="292" count="8" type="stmt"/>
        <line num="293" count="8" type="stmt"/>
        <line num="294" count="8" type="stmt"/>
        <line num="295" count="8" type="stmt"/>
        <line num="296" count="8" type="cond" truecount="1" falsecount="1"/>
        <line num="297" count="8" type="stmt"/>
        <line num="298" count="8" type="stmt"/>
        <line num="299" count="8" type="stmt"/>
        <line num="300" count="8" type="stmt"/>
        <line num="301" count="8" type="stmt"/>
        <line num="302" count="8" type="stmt"/>
        <line num="303" count="8" type="stmt"/>
        <line num="304" count="8" type="stmt"/>
        <line num="305" count="8" type="stmt"/>
        <line num="306" count="8" type="stmt"/>
        <line num="307" count="8" type="stmt"/>
        <line num="308" count="8" type="stmt"/>
        <line num="309" count="8" type="stmt"/>
        <line num="310" count="8" type="stmt"/>
        <line num="311" count="8" type="stmt"/>
        <line num="312" count="8" type="stmt"/>
        <line num="313" count="8" type="stmt"/>
        <line num="314" count="8" type="stmt"/>
        <line num="315" count="8" type="cond" truecount="0" falsecount="1"/>
        <line num="316" count="8" type="stmt"/>
        <line num="317" count="8" type="cond" truecount="0" falsecount="1"/>
        <line num="318" count="8" type="cond" truecount="0" falsecount="1"/>
        <line num="319" count="8" type="stmt"/>
        <line num="320" count="8" type="stmt"/>
        <line num="321" count="8" type="stmt"/>
        <line num="322" count="8" type="stmt"/>
        <line num="323" count="8" type="stmt"/>
        <line num="324" count="8" type="stmt"/>
        <line num="325" count="8" type="stmt"/>
        <line num="326" count="8" type="stmt"/>
        <line num="327" count="8" type="stmt"/>
        <line num="329" count="17" type="stmt"/>
        <line num="330" count="17" type="stmt"/>
        <line num="331" count="17" type="stmt"/>
        <line num="333" count="17" type="stmt"/>
        <line num="337" count="32" type="cond" truecount="1" falsecount="0"/>
        <line num="344" count="32" type="stmt"/>
        <line num="345" count="32" type="stmt"/>
        <line num="346" count="32" type="stmt"/>
        <line num="347" count="32" type="stmt"/>
        <line num="348" count="32" type="stmt"/>
        <line num="349" count="32" type="stmt"/>
        <line num="350" count="32" type="stmt"/>
        <line num="352" count="32" type="stmt"/>
        <line num="353" count="32" type="stmt"/>
        <line num="354" count="32" type="stmt"/>
        <line num="355" count="32" type="stmt"/>
        <line num="356" count="32" type="stmt"/>
        <line num="357" count="32" type="stmt"/>
        <line num="359" count="32" type="stmt"/>
        <line num="360" count="32" type="stmt"/>
        <line num="361" count="32" type="stmt"/>
        <line num="362" count="32" type="stmt"/>
        <line num="363" count="32" type="stmt"/>
        <line num="364" count="32" type="stmt"/>
        <line num="365" count="32" type="stmt"/>
        <line num="366" count="32" type="stmt"/>
        <line num="368" count="32" type="stmt"/>
      </file>
      <file name="DebugPanel.tsx" path="D:\AI Demo\KnowBase\frontend\src\components\DebugPanel.tsx">
        <metrics statements="70" coveredstatements="54" conditionals="16" coveredconditionals="9" methods="2" coveredmethods="2"/>
        <line num="1" count="1" type="stmt"/>
        <line num="2" count="1" type="stmt"/>
        <line num="3" count="1" type="stmt"/>
        <line num="10" count="7" type="cond" truecount="1" falsecount="0"/>
        <line num="11" count="7" type="stmt"/>
        <line num="13" count="7" type="stmt"/>
        <line num="14" count="7" type="stmt"/>
        <line num="15" count="7" type="stmt"/>
        <line num="16" count="7" type="cond" truecount="1" falsecount="0"/>
        <line num="17" count="7" type="stmt"/>
        <line num="19" count="7" type="stmt"/>
        <line num="20" count="7" type="cond" truecount="2" falsecount="0"/>
        <line num="21" count="7" type="cond" truecount="2" falsecount="0"/>
        <line num="22" count="7" type="stmt"/>
        <line num="24" count="7" type="stmt"/>
        <line num="25" count="7" type="cond" truecount="1" falsecount="0"/>
        <line num="26" count="3" type="stmt"/>
        <line num="27" count="3" type="stmt"/>
        <line num="28" count="3" type="stmt"/>
        <line num="29" count="3" type="stmt"/>
        <line num="30" count="3" type="stmt"/>
        <line num="32" count="3" type="stmt"/>
        <line num="34" count="3" type="stmt"/>
        <line num="35" count="3" type="cond" truecount="1" falsecount="0"/>
        <line num="36" count="6" type="stmt"/>
        <line num="37" count="6" type="stmt"/>
        <line num="38" count="6" type="cond" truecount="0" falsecount="1"/>
        <line num="39" count="6" type="stmt"/>
        <line num="40" count="6" type="stmt"/>
        <line num="41" count="6" type="stmt"/>
        <line num="42" count="6" type="cond" truecount="0" falsecount="1"/>
        <line num="43" count="6" type="stmt"/>
        <line num="44" count="6" type="stmt"/>
        <line num="45" count="6" type="stmt"/>
        <line num="46" count="3" type="stmt"/>
        <line num="47" count="3" type="stmt"/>
        <line num="50" count="3" type="stmt"/>
        <line num="53" count="3" type="stmt"/>
        <line num="54" count="3" type="cond" truecount="0" falsecount="2"/>
        <line num="55" count="0" type="stmt"/>
        <line num="56" count="0" type="stmt"/>
        <line num="57" count="0" type="stmt"/>
        <line num="58" count="0" type="stmt"/>
        <line num="60" count="3" type="stmt"/>
        <line num="61" count="3" type="cond" truecount="0" falsecount="1"/>
        <line num="62" count="0" type="stmt"/>
        <line num="63" count="0" type="stmt"/>
        <line num="64" count="0" type="stmt"/>
        <line num="65" count="0" type="stmt"/>
        <line num="67" count="3" type="cond" truecount="0" falsecount="1"/>
        <line num="68" count="0" type="stmt"/>
        <line num="69" count="0" type="stmt"/>
        <line num="70" count="0" type="stmt"/>
        <line num="71" count="0" type="stmt"/>
        <line num="73" count="3" type="cond" truecount="0" falsecount="1"/>
        <line num="74" count="0" type="stmt"/>
        <line num="75" count="0" type="stmt"/>
        <line num="76" count="0" type="stmt"/>
        <line num="77" count="0" type="stmt"/>
        <line num="79" count="3" type="stmt"/>
        <line num="80" count="3" type="cond" truecount="1" falsecount="0"/>
        <line num="81" count="1" type="stmt"/>
        <line num="82" count="1" type="stmt"/>
        <line num="83" count="1" type="stmt"/>
        <line num="85" count="3" type="stmt"/>
        <line num="86" count="3" type="stmt"/>
        <line num="87" count="3" type="stmt"/>
        <line num="89" count="7" type="stmt"/>
        <line num="90" count="7" type="stmt"/>
        <line num="92" count="7" type="stmt"/>
      </file>
      <file name="Sidebar.tsx" path="D:\AI Demo\KnowBase\frontend\src\components\Sidebar.tsx">
        <metrics statements="245" coveredstatements="146" conditionals="25" coveredconditionals="20" methods="21" coveredmethods="3"/>
        <line num="1" count="1" type="stmt"/>
        <line num="2" count="1" type="stmt"/>
        <line num="3" count="1" type="stmt"/>
        <line num="4" count="1" type="stmt"/>
        <line num="8" count="1" type="stmt"/>
        <line num="9" count="1" type="stmt"/>
        <line num="10" count="1" type="stmt"/>
        <line num="29" count="2" type="cond" truecount="1" falsecount="0"/>
        <line num="30" count="2" type="stmt"/>
        <line num="31" count="2" type="cond" truecount="1" falsecount="0"/>
        <line num="32" count="2" type="stmt"/>
        <line num="33" count="2" type="stmt"/>
        <line num="34" count="2" type="stmt"/>
        <line num="35" count="2" type="stmt"/>
        <line num="36" count="2" type="cond" truecount="1" falsecount="0"/>
        <line num="37" count="1" type="stmt"/>
        <line num="38" count="1" type="stmt"/>
        <line num="39" count="1" type="stmt"/>
        <line num="40" count="1" type="stmt"/>
        <line num="41" count="1" type="stmt"/>
        <line num="42" count="1" type="stmt"/>
        <line num="43" count="1" type="stmt"/>
        <line num="44" count="1" type="stmt"/>
        <line num="45" count="1" type="stmt"/>
        <line num="46" count="1" type="cond" truecount="1" falsecount="0"/>
        <line num="48" count="1" type="stmt"/>
        <line num="50" count="2" type="stmt"/>
        <line num="51" count="2" type="stmt"/>
        <line num="53" count="2" type="stmt"/>
        <line num="55" count="1" type="stmt"/>
        <line num="56" count="1" type="stmt"/>
        <line num="57" count="1" type="stmt"/>
        <line num="58" count="1" type="stmt"/>
        <line num="59" count="1" type="stmt"/>
        <line num="61" count="7" type="cond" truecount="1" falsecount="0"/>
        <line num="62" count="7" type="stmt"/>
        <line num="63" count="7" type="stmt"/>
        <line num="64" count="7" type="stmt"/>
        <line num="65" count="7" type="stmt"/>
        <line num="66" count="7" type="stmt"/>
        <line num="67" count="7" type="stmt"/>
        <line num="68" count="7" type="stmt"/>
        <line num="71" count="7" type="cond" truecount="1" falsecount="0"/>
        <line num="72" count="7" type="cond" truecount="0" falsecount="1"/>
        <line num="73" count="0" type="stmt"/>
        <line num="74" count="0" type="stmt"/>
        <line num="75" count="0" type="stmt"/>
        <line num="76" count="0" type="stmt"/>
        <line num="77" count="0" type="stmt"/>
        <line num="78" count="0" type="stmt"/>
        <line num="79" count="0" type="stmt"/>
        <line num="80" count="0" type="stmt"/>
        <line num="81" count="7" type="stmt"/>
        <line num="83" count="7" type="stmt"/>
        <line num="84" count="0" type="stmt"/>
        <line num="85" count="0" type="stmt"/>
        <line num="86" count="0" type="stmt"/>
        <line num="87" count="0" type="stmt"/>
        <line num="88" count="0" type="stmt"/>
        <line num="89" count="0" type="stmt"/>
        <line num="90" count="0" type="stmt"/>
        <line num="91" count="0" type="stmt"/>
        <line num="92" count="0" type="stmt"/>
        <line num="93" count="0" type="stmt"/>
        <line num="94" count="0" type="stmt"/>
        <line num="95" count="0" type="stmt"/>
        <line num="96" count="0" type="stmt"/>
        <line num="97" count="0" type="stmt"/>
        <line num="98" count="0" type="stmt"/>
        <line num="99" count="0" type="stmt"/>
        <line num="100" count="0" type="stmt"/>
        <line num="101" count="0" type="stmt"/>
        <line num="103" count="7" type="cond" truecount="1" falsecount="0"/>
        <line num="104" count="1" type="stmt"/>
        <line num="105" count="1" type="stmt"/>
        <line num="106" count="1" type="stmt"/>
        <line num="107" count="1" type="stmt"/>
        <line num="109" count="7" type="stmt"/>
        <line num="110" count="0" type="stmt"/>
        <line num="111" count="0" type="stmt"/>
        <line num="112" count="0" type="stmt"/>
        <line num="113" count="0" type="stmt"/>
        <line num="114" count="0" type="stmt"/>
        <line num="116" count="7" type="stmt"/>
        <line num="117" count="0" type="stmt"/>
        <line num="118" count="0" type="stmt"/>
        <line num="119" count="0" type="stmt"/>
        <line num="120" count="0" type="stmt"/>
        <line num="121" count="0" type="stmt"/>
        <line num="122" count="0" type="stmt"/>
        <line num="123" count="0" type="stmt"/>
        <line num="124" count="0" type="stmt"/>
        <line num="125" count="0" type="stmt"/>
        <line num="127" count="7" type="stmt"/>
        <line num="128" count="0" type="stmt"/>
        <line num="129" count="0" type="stmt"/>
        <line num="130" count="0" type="stmt"/>
        <line num="131" count="0" type="stmt"/>
        <line num="132" count="0" type="stmt"/>
        <line num="133" count="0" type="stmt"/>
        <line num="134" count="0" type="stmt"/>
        <line num="135" count="0" type="stmt"/>
        <line num="137" count="7" type="stmt"/>
        <line num="138" count="7" type="stmt"/>
        <line num="140" count="7" type="stmt"/>
        <line num="141" count="7" type="stmt"/>
        <line num="142" count="7" type="stmt"/>
        <line num="143" count="7" type="stmt"/>
        <line num="144" count="7" type="stmt"/>
        <line num="145" count="7" type="stmt"/>
        <line num="146" count="7" type="stmt"/>
        <line num="147" count="7" type="stmt"/>
        <line num="148" count="7" type="stmt"/>
        <line num="149" count="7" type="stmt"/>
        <line num="150" count="7" type="stmt"/>
        <line num="151" count="7" type="stmt"/>
        <line num="154" count="7" type="stmt"/>
        <line num="155" count="7" type="cond" truecount="1" falsecount="0"/>
        <line num="156" count="21" type="stmt"/>
        <line num="157" count="21" type="stmt"/>
        <line num="158" count="21" type="stmt"/>
        <line num="159" count="21" type="stmt"/>
        <line num="160" count="21" type="cond" truecount="1" falsecount="0"/>
        <line num="161" count="7" type="cond" truecount="1" falsecount="0"/>
        <line num="162" count="14" type="stmt"/>
        <line num="163" count="21" type="stmt"/>
        <line num="165" count="21" type="stmt"/>
        <line num="166" count="21" type="stmt"/>
        <line num="167" count="21" type="stmt"/>
        <line num="168" count="7" type="stmt"/>
        <line num="169" count="7" type="stmt"/>
        <line num="171" count="7" type="stmt"/>
        <line num="172" count="7" type="cond" truecount="1" falsecount="0"/>
        <line num="173" count="5" type="stmt"/>
        <line num="174" count="5" type="stmt"/>
        <line num="175" count="5" type="stmt"/>
        <line num="176" count="5" type="stmt"/>
        <line num="177" count="5" type="stmt"/>
        <line num="178" count="5" type="cond" truecount="1" falsecount="0"/>
        <line num="179" count="8" type="stmt"/>
        <line num="180" count="8" type="stmt"/>
        <line num="181" count="8" type="stmt"/>
        <line num="182" count="8" type="cond" truecount="1" falsecount="0"/>
        <line num="183" count="4" type="cond" truecount="1" falsecount="0"/>
        <line num="184" count="4" type="stmt"/>
        <line num="185" count="8" type="stmt"/>
        <line num="187" count="8" type="cond" truecount="0" falsecount="1"/>
        <line num="188" count="0" type="stmt"/>
        <line num="189" count="0" type="stmt"/>
        <line num="190" count="0" type="stmt"/>
        <line num="191" count="0" type="stmt"/>
        <line num="192" count="0" type="stmt"/>
        <line num="193" count="0" type="stmt"/>
        <line num="194" count="0" type="stmt"/>
        <line num="195" count="0" type="stmt"/>
        <line num="196" count="0" type="stmt"/>
        <line num="197" count="0" type="stmt"/>
        <line num="198" count="0" type="stmt"/>
        <line num="200" count="8" type="stmt"/>
        <line num="201" count="8" type="stmt"/>
        <line num="202" count="8" type="stmt"/>
        <line num="203" count="8" type="stmt"/>
        <line num="204" count="8" type="stmt"/>
        <line num="205" count="8" type="stmt"/>
        <line num="207" count="8" type="stmt"/>
        <line num="208" count="8" type="stmt"/>
        <line num="209" count="8" type="stmt"/>
        <line num="210" count="8" type="stmt"/>
        <line num="211" count="8" type="stmt"/>
        <line num="213" count="8" type="stmt"/>
        <line num="214" count="8" type="stmt"/>
        <line num="215" count="8" type="stmt"/>
[...]
        <line num="105" count="2" type="cond" truecount="1" falsecount="0"/>
        <line num="106" count="1" type="cond" truecount="1" falsecount="0"/>
        <line num="107" count="1" type="stmt"/>
        <line num="108" count="1" type="stmt"/>
        <line num="109" count="1" type="stmt"/>
        <line num="110" count="1" type="stmt"/>
        <line num="111" count="1" type="stmt"/>
        <line num="112" count="1" type="stmt"/>
        <line num="113" count="6" type="stmt"/>
        <line num="115" count="6" type="stmt"/>
        <line num="116" count="6" type="stmt"/>
        <line num="117" count="6" type="stmt"/>
        <line num="118" count="6" type="stmt"/>
        <line num="119" count="6" type="stmt"/>
        <line num="120" count="6" type="stmt"/>
        <line num="121" count="6" type="stmt"/>
        <line num="122" count="7" type="stmt"/>
        <line num="123" count="20" type="stmt"/>
        <line num="124" count="20" type="stmt"/>
        <line num="126" count="20" type="cond" truecount="1" falsecount="0"/>
        <line num="127" count="1" type="stmt"/>
        <line num="128" count="1" type="stmt"/>
        <line num="129" count="1" type="stmt"/>
        <line num="130" count="1" type="cond" truecount="1" falsecount="0"/>
        <line num="131" count="1" type="cond" truecount="3" falsecount="0"/>
        <line num="132" count="1" type="stmt"/>
        <line num="133" count="20" type="stmt"/>
        <line num="135" count="20" type="cond" truecount="1" falsecount="0"/>
        <line num="136" count="1" type="stmt"/>
        <line num="137" count="1" type="stmt"/>
        <line num="138" count="20" type="stmt"/>
        <line num="140" count="20" type="cond" truecount="1" falsecount="0"/>
        <line num="141" count="1" type="stmt"/>
        <line num="142" count="1" type="cond" truecount="0" falsecount="1"/>
        <line num="143" count="20" type="stmt"/>
        <line num="145" count="20" type="stmt"/>
        <line num="146" count="20" type="stmt"/>
        <line num="147" count="20" type="stmt"/>
        <line num="148" count="20" type="stmt"/>
        <line num="149" count="20" type="stmt"/>
        <line num="150" count="20" type="stmt"/>
        <line num="151" count="20" type="stmt"/>
        <line num="152" count="20" type="stmt"/>
        <line num="153" count="20" type="stmt"/>
        <line num="154" count="20" type="stmt"/>
        <line num="155" count="20" type="stmt"/>
      </file>
      <file name="useData.ts" path="D:\AI Demo\KnowBase\frontend\src\hooks\useData.ts">
        <metrics statements="42" coveredstatements="41" conditionals="11" coveredconditionals="8" methods="7" coveredmethods="7"/>
        <line num="1" count="1" type="stmt"/>
        <line num="2" count="1" type="stmt"/>
        <line num="5" count="1" type="cond" truecount="1" falsecount="0"/>
        <line num="6" count="12" type="stmt"/>
        <line num="7" count="12" type="stmt"/>
        <line num="8" count="12" type="stmt"/>
        <line num="10" count="12" type="cond" truecount="1" falsecount="0"/>
        <line num="11" count="7" type="stmt"/>
        <line num="12" count="7" type="stmt"/>
        <line num="13" count="7" type="stmt"/>
        <line num="14" count="7" type="stmt"/>
        <line num="15" count="7" type="cond" truecount="0" falsecount="1"/>
        <line num="16" count="7" type="stmt"/>
        <line num="17" count="7" type="stmt"/>
        <line num="18" count="7" type="cond" truecount="0" falsecount="1"/>
        <line num="19" count="0" type="stmt"/>
        <line num="20" count="7" type="stmt"/>
        <line num="22" count="12" type="cond" truecount="1" falsecount="0"/>
        <line num="24" count="12" type="cond" truecount="1" falsecount="0"/>
        <line num="25" count="1" type="stmt"/>
        <line num="26" count="1" type="stmt"/>
        <line num="27" count="1" type="stmt"/>
        <line num="28" count="1" type="stmt"/>
        <line num="29" count="1" type="stmt"/>
        <line num="31" count="12" type="cond" truecount="1" falsecount="0"/>
        <line num="32" count="1" type="stmt"/>
        <line num="33" count="1" type="stmt"/>
        <line num="34" count="1" type="stmt"/>
        <line num="35" count="1" type="stmt"/>
        <line num="37" count="12" type="cond" truecount="1" falsecount="0"/>
        <line num="38" count="1" type="stmt"/>
        <line num="39" count="1" type="stmt"/>
        <line num="40" count="1" type="stmt"/>
        <line num="42" count="12" type="stmt"/>
        <line num="43" count="12" type="stmt"/>
        <line num="45" count="1" type="cond" truecount="1" falsecount="0"/>
        <line num="46" count="2" type="stmt"/>
        <line num="47" count="2" type="cond" truecount="1" falsecount="0"/>
        <line num="48" count="1" type="cond" truecount="0" falsecount="1"/>
        <line num="49" count="1" type="stmt"/>
        <line num="50" count="2" type="stmt"/>
        <line num="51" count="2" type="stmt"/>
      </file>
      <file name="useTheme.ts" path="D:\AI Demo\KnowBase\frontend\src\hooks\useTheme.ts">
        <metrics statements="19" coveredstatements="17" conditionals="11" coveredconditionals="8" methods="3" coveredmethods="3"/>
        <line num="1" count="1" type="stmt"/>
        <line num="5" count="1" type="stmt"/>
        <line num="7" count="4" type="cond" truecount="1" falsecount="0"/>
        <line num="8" count="4" type="stmt"/>
        <line num="9" count="4" type="stmt"/>
        <line num="10" count="4" type="cond" truecount="3" falsecount="0"/>
        <line num="11" count="4" type="cond" truecount="0" falsecount="1"/>
        <line num="12" count="4" type="cond" truecount="0" falsecount="1"/>
        <line num="13" count="0" type="stmt"/>
        <line num="14" count="0" type="stmt"/>
        <line num="16" count="1" type="cond" truecount="1" falsecount="0"/>
        <line num="17" count="6" type="stmt"/>
        <line num="19" count="6" type="cond" truecount="1" falsecount="0"/>
        <line num="20" count="6" type="stmt"/>
        <line num="21" count="6" type="stmt"/>
        <line num="22" count="6" type="stmt"/>
        <line num="24" count="6" type="cond" truecount="2" falsecount="1"/>
        <line num="26" count="6" type="stmt"/>
        <line num="27" count="6" type="stmt"/>
      </file>
    </package>
    <package name="frontend.src.lib">
      <metrics statements="179" coveredstatements="122" conditionals="41" coveredconditionals="36" methods="25" coveredmethods="6"/>
      <file name="api.ts" path="D:\AI Demo\KnowBase\frontend\src\lib\api.ts">
        <metrics statements="140" coveredstatements="83" conditionals="20" coveredconditionals="15" methods="20" coveredmethods="1"/>
        <line num="107" count="1" type="stmt"/>
        <line num="109" count="0" type="stmt"/>
        <line num="110" count="0" type="stmt"/>
        <line num="111" count="0" type="stmt"/>
        <line num="112" count="0" type="stmt"/>
        <line num="113" count="0" type="stmt"/>
        <line num="114" count="0" type="stmt"/>
        <line num="115" count="0" type="stmt"/>
        <line num="116" count="0" type="stmt"/>
        <line num="117" count="0" type="stmt"/>
        <line num="118" count="0" type="stmt"/>
        <line num="119" count="0" type="stmt"/>
        <line num="123" count="1" type="stmt"/>
        <line num="125" count="1" type="stmt"/>
        <line num="126" count="0" type="stmt"/>
        <line num="127" count="0" type="stmt"/>
        <line num="128" count="0" type="stmt"/>
        <line num="129" count="0" type="stmt"/>
        <line num="131" count="1" type="stmt"/>
        <line num="132" count="0" type="stmt"/>
        <line num="134" count="1" type="stmt"/>
        <line num="135" count="0" type="stmt"/>
        <line num="136" count="0" type="stmt"/>
        <line num="137" count="0" type="stmt"/>
        <line num="138" count="0" type="stmt"/>
        <line num="140" count="1" type="stmt"/>
        <line num="141" count="0" type="stmt"/>
        <line num="143" count="1" type="stmt"/>
        <line num="144" count="0" type="stmt"/>
        <line num="145" count="0" type="stmt"/>
        <line num="146" count="0" type="stmt"/>
        <line num="147" count="0" type="stmt"/>
        <line num="149" count="1" type="stmt"/>
        <line num="150" count="0" type="stmt"/>
        <line num="154" count="1" type="stmt"/>
        <line num="156" count="1" type="stmt"/>
        <line num="157" count="0" type="stmt"/>
        <line num="158" count="0" type="stmt"/>
        <line num="159" count="0" type="stmt"/>
        <line num="160" count="0" type="stmt"/>
        <line num="161" count="0" type="stmt"/>
        <line num="162" count="0" type="stmt"/>
        <line num="164" count="1" type="stmt"/>
        <line num="165" count="0" type="stmt"/>
        <line num="166" count="0" type="stmt"/>
        <line num="167" count="0" type="stmt"/>
        <line num="168" count="0" type="stmt"/>
        <line num="170" count="1" type="stmt"/>
        <line num="171" count="0" type="stmt"/>
        <line num="173" count="1" type="stmt"/>
        <line num="174" count="0" type="stmt"/>
        <line num="178" count="1" type="stmt"/>
        <line num="180" count="1" type="stmt"/>
        <line num="181" count="0" type="stmt"/>
        <line num="182" count="0" type="stmt"/>
        <line num="183" count="0" type="stmt"/>
        <line num="184" count="0" type="stmt"/>
        <line num="185" count="0" type="stmt"/>
        <line num="186" count="0" type="stmt"/>
        <line num="187" count="0" type="stmt"/>
        <line num="189" count="1" type="stmt"/>
        <line num="191" count="1" type="stmt"/>
        <line num="193" count="1" type="stmt"/>
        <line num="197" count="1" type="stmt"/>
        <line num="198" count="0" type="stmt"/>
        <line num="211" count="1" type="cond" truecount="1" falsecount="0"/>
        <line num="212" count="6" type="stmt"/>
        <line num="213" count="6" type="stmt"/>
        <line num="214" count="6" type="stmt"/>
        <line num="215" count="6" type="stmt"/>
        <line num="216" count="6" type="stmt"/>
        <line num="217" count="6" type="stmt"/>
        <line num="218" count="6" type="stmt"/>
        <line num="220" count="6" type="stmt"/>
        <line num="221" count="6" type="stmt"/>
        <line num="222" count="6" type="stmt"/>
        <line num="223" count="6" type="stmt"/>
        <line num="224" count="6" type="stmt"/>
        <line num="225" count="6" type="stmt"/>
        <line num="226" count="6" type="stmt"/>
        <line num="227" count="6" type="stmt"/>
        <line num="228" count="6" type="stmt"/>
        <line num="229" count="6" type="stmt"/>
        <line num="230" count="6" type="stmt"/>
        <line num="231" count="6" type="cond" truecount="1" falsecount="0"/>
        <line num="232" count="6" type="cond" truecount="0" falsecount="1"/>
        <line num="233" count="0" type="stmt"/>
        <line num="234" count="0" type="stmt"/>
        <line num="235" count="0" type="stmt"/>
        <line num="236" count="0" type="stmt"/>
        <line num="238" count="6" type="stmt"/>
        <line num="239" count="6" type="cond" truecount="0" falsecount="1"/>
        <line num="241" count="6" type="stmt"/>
        <line num="242" count="6" type="stmt"/>
        <line num="244" count="6" type="cond" truecount="1" falsecount="0"/>
        <line num="245" count="15" type="cond" truecount="1" falsecount="0"/>
        <line num="246" count="13" type="cond" truecount="2" falsecount="0"/>
        <line num="248" count="9" type="stmt"/>
        <line num="249" count="9" type="stmt"/>
        <line num="250" count="9" type="stmt"/>
        <line num="252" count="15" type="stmt"/>
        <line num="253" count="15" type="cond" truecount="1" falsecount="0"/>
        <line num="254" count="27" type="cond" truecount="1" falsecount="0"/>
        <line num="255" count="9" type="stmt"/>
        <line num="256" count="27" type="cond" truecount="2" falsecount="0"/>
        <line num="257" count="9" type="stmt"/>
        <line num="258" count="9" type="stmt"/>
        <line num="259" count="9" type="stmt"/>
        <line num="260" count="9" type="stmt"/>
        <line num="261" count="9" type="cond" truecount="0" falsecount="1"/>
        <line num="262" count="0" type="stmt"/>
        <line num="263" count="0" type="stmt"/>
        <line num="264" count="9" type="cond" truecount="1" falsecount="0"/>
        <line num="265" count="4" type="stmt"/>
        <line num="266" count="4" type="stmt"/>
        <line num="267" count="9" type="cond" truecount="0" falsecount="1"/>
        <line num="268" count="0" type="stmt"/>
        <line num="269" count="0" type="stmt"/>
        <line num="270" count="9" type="cond" truecount="1" falsecount="0"/>
        <line num="271" count="1" type="stmt"/>
        <line num="272" count="1" type="stmt"/>
        <line num="273" count="9" type="cond" truecount="1" falsecount="0"/>
        <line num="274" count="3" type="stmt"/>
        <line num="275" count="3" type="stmt"/>
        <line num="276" count="9" type="cond" truecount="1" falsecount="0"/>
        <line num="277" count="1" type="stmt"/>
        <line num="278" count="1" type="stmt"/>
        <line num="279" count="9" type="stmt"/>
        <line num="280" count="9" type="cond" truecount="0" falsecount="1"/>
        <line num="281" count="9" type="stmt"/>
        <line num="282" count="27" type="cond" truecount="1" falsecount="0"/>
        <line num="283" count="9" type="stmt"/>
        <line num="284" count="6" type="stmt"/>
        <line num="285" count="6" type="stmt"/>
        <line num="286" count="0" type="stmt"/>
        <line num="287" count="0" type="stmt"/>
        <line num="288" count="0" type="stmt"/>
        <line num="289" count="6" type="stmt"/>
        <line num="291" count="6" type="stmt"/>
        <line num="292" count="6" type="stmt"/>
      </file>
      <file name="utils.ts" path="D:\AI Demo\KnowBase\frontend\src\lib\utils.ts">
        <metrics statements="39" coveredstatements="39" conditionals="21" coveredconditionals="21" methods="5" coveredmethods="5"/>
        <line num="1" count="1" type="stmt"/>
        <line num="2" count="1" type="stmt"/>
        <line num="4" count="1" type="cond" truecount="1" falsecount="0"/>
        <line num="5" count="463" type="stmt"/>
        <line num="6" count="463" type="stmt"/>
        <line num="8" count="1" type="cond" truecount="1" falsecount="0"/>
        <line num="9" count="13" type="stmt"/>
        <line num="10" count="13" type="stmt"/>
        <line num="11" count="13" type="stmt"/>
        <line num="12" count="13" type="stmt"/>
        <line num="13" count="13" type="cond" truecount="2" falsecount="0"/>
        <line num="14" count="13" type="cond" truecount="2" falsecount="0"/>
        <line num="15" count="11" type="stmt"/>
        <line num="16" count="13" type="cond" truecount="3" falsecount="0"/>
        <line num="17" count="6" type="stmt"/>
        <line num="18" count="9" type="cond" truecount="2" falsecount="0"/>
        <line num="19" count="1" type="stmt"/>
        <line num="20" count="1" type="stmt"/>
        <line num="22" count="1" type="cond" truecount="1" falsecount="0"/>
        <line num="23" count="11" type="cond" truecount="2" falsecount="0"/>
        <line num="24" count="1" type="stmt"/>
        <line num="25" count="1" type="stmt"/>
        <line num="27" count="1" type="cond" truecount="1" falsecount="0"/>
        <line num="28" count="5" type="stmt"/>
        <line num="29" count="5" type="cond" truecount="1" falsecount="0"/>
        <line num="30" count="5" type="cond" truecount="1" falsecount="0"/>
        <line num="31" count="5" type="cond" truecount="1" falsecount="0"/>
        <line num="32" count="5" type="cond" truecount="1" falsecount="0"/>
        <line num="33" count="5" type="stmt"/>
        <line num="34" count="5" type="stmt"/>
        <line num="36" count="1" type="cond" truecount="1" falsecount="0"/>
        <line num="37" count="5" type="stmt"/>
        <line num="38" count="5" type="stmt"/>
        <line num="39" count="5" type="stmt"/>
        <line num="40" count="5" type="stmt"/>
        <line num="41" count="5" type="stmt"/>
        <line num="42" count="5" type="stmt"/>
        <line num="43" count="5" type="cond" truecount="1" falsecount="0"/>
        <line num="44" count="5" type="stmt"/>
      </file>
    </package>
    <package name="frontend.src.test.mocks">
      <metrics statements="61" coveredstatements="53" conditionals="4" coveredconditionals="4" methods="3" coveredmethods="2"/>
      <file name="data.ts" path="D:\AI Demo\KnowBase\frontend\src\test\mocks\data.ts">
        <metrics statements="61" coveredstatements="53" conditionals="4" coveredconditionals="4" methods="3" coveredmethods="2"/>
        <line num="3" count="1" type="stmt"/>
        <line num="4" count="1" type="stmt"/>
        <line num="5" count="1" type="stmt"/>
        <line num="6" count="1" type="stmt"/>
        <line num="8" count="1" type="stmt"/>
        <line num="9" count="1" type="stmt"/>
        <line num="10" count="1" type="stmt"/>
        <line num="11" count="1" type="stmt"/>
        <line num="13" count="1" type="stmt"/>
        <line num="14" count="1" type="stmt"/>
        <line num="15" count="1" type="stmt"/>
        <line num="16" count="1" type="stmt"/>
        <line num="18" count="1" type="stmt"/>
        <line num="19" count="1" type="stmt"/>
        <line num="20" count="1" type="stmt"/>
        <line num="21" count="1" type="stmt"/>
        <line num="22" count="1" type="stmt"/>
        <line num="24" count="1" type="stmt"/>
        <line num="25" count="1" type="stmt"/>
        <line num="26" count="1" type="stmt"/>
        <line num="27" count="1" type="stmt"/>
        <line num="29" count="1" type="stmt"/>
        <line num="30" count="1" type="stmt"/>
        <line num="31" count="1" type="stmt"/>
        <line num="33" count="1" type="stmt"/>
        <line num="34" count="1" type="stmt"/>
        <line num="35" count="1" type="stmt"/>
        <line num="36" count="1" type="stmt"/>
        <line num="37" count="1" type="stmt"/>
        <line num="38" count="1" type="stmt"/>
        <line num="39" count="1" type="stmt"/>
        <line num="40" count="1" type="stmt"/>
        <line num="41" count="1" type="stmt"/>
        <line num="42" count="1" type="stmt"/>
        <line num="43" count="1" type="stmt"/>
        <line num="44" count="1" type="stmt"/>
        <line num="45" count="1" type="stmt"/>
        <line num="46" count="1" type="stmt"/>
        <line num="47" count="1" type="stmt"/>
        <line num="48" count="1" type="stmt"/>
        <line num="49" count="1" type="stmt"/>
        <line num="50" count="1" type="stmt"/>
        <line num="52" count="1" type="stmt"/>
        <line num="53" count="0" type="stmt"/>
        <line num="54" count="0" type="stmt"/>
        <line num="55" count="0" type="stmt"/>
        <line num="56" count="0" type="stmt"/>
        <line num="57" count="0" type="stmt"/>
        <line num="58" count="0" type="stmt"/>
        <line num="59" count="0" type="stmt"/>
        <line num="60" count="0" type="stmt"/>
        <line num="62" count="1" type="cond" truecount="1" falsecount="0"/>
        <line num="63" count="4" type="stmt"/>
        <line num="64" count="4" type="cond" truecount="1" falsecount="0"/>
        <line num="65" count="4" type="stmt"/>
        <line num="66" count="4" type="cond" truecount="1" falsecount="0"/>
        <line num="67" count="4" type="cond" truecount="1" falsecount="0"/>
        <line num="68" count="4" type="stmt"/>
        <line num="69" count="4" type="stmt"/>
        <line num="70" count="4" type="stmt"/>
        <line num="71" count="4" type="stmt"/>
      </file>
    </package>
  </project>
</coverage>
